<?xml version="1.0" encoding="UTF-8"?>
<testng-results ignored="0" total="1" passed="1" failed="0" skipped="0">
  <reporter-output>
  </reporter-output>
  <suite started-at="2024-03-26T16:04:18 IST" name="Default suite" finished-at="2024-03-26T16:05:14 IST" duration-ms="56734">
    <groups>
    </groups>
    <test started-at="2024-03-26T16:04:18 IST" name="Default test" finished-at="2024-03-26T16:05:14 IST" duration-ms="56734">
      <class name="seleniumFramework.Test3ValidateInActivestatus">
        <test-method is-config="true" signature="setupTest()[pri:0, instance:seleniumFramework.Test3ValidateInActivestatus@68c9133c]" started-at="2024-03-26T16:04:18 IST" name="setupTest" finished-at="2024-03-26T16:04:19 IST" duration-ms="1712" status="PASS">
          <reporter-output>
          </reporter-output>
        </test-method> <!-- setupTest -->
        <test-method signature="searchAndPrintResults()[pri:0, instance:seleniumFramework.Test3ValidateInActivestatus@68c9133c]" started-at="2024-03-26T16:04:19 IST" name="searchAndPrintResults" finished-at="2024-03-26T16:05:13 IST" duration-ms="54091" status="PASS">
          <reporter-output>
          </reporter-output>
        </test-method> <!-- searchAndPrintResults -->
        <test-method is-config="true" signature="tearDown()[pri:0, instance:seleniumFramework.Test3ValidateInActivestatus@68c9133c]" started-at="2024-03-26T16:05:13 IST" name="tearDown" finished-at="2024-03-26T16:05:14 IST" duration-ms="889" status="PASS">
          <reporter-output>
          </reporter-output>
        </test-method> <!-- tearDown -->
      </class> <!-- seleniumFramework.Test3ValidateInActivestatus -->
    </test> <!-- Default test -->
  </suite> <!-- Default suite -->
</testng-results>
